<?xml version="1.0" encoding="UTF-8"?>
<testng-results skipped="1" failed="0" total="1" passed="0">
  <reporter-output>
  </reporter-output>
  <suite name="Default suite" duration-ms="50" started-at="2020-03-13T15:01:49Z" finished-at="2020-03-13T15:01:49Z">
    <groups>
    </groups>
    <test name="Default test" duration-ms="50" started-at="2020-03-13T15:01:49Z" finished-at="2020-03-13T15:01:49Z">
      <class name="Academy.samsvojmajstor.NaslovnaTest">
        <test-method status="FAIL" signature="initialize()[pri:0, instance:Academy.samsvojmajstor.NaslovnaTest@7ee8290b]" name="initialize" is-config="true" duration-ms="0" started-at="2020-03-13T16:01:49Z" finished-at="2020-03-13T16:01:49Z">
          <exception class="java.lang.NullPointerException">
            <full-stacktrace>
              <![CDATA[java.lang.NullPointerException
	at resources.base.initializeDriver(base.java:47)
	at Academy.samsvojmajstor.NaslovnaTest.initialize(NaslovnaTest.java:35)
	at sun.reflect.NativeMethodAccessorImpl.invoke0(Native Method)
	at sun.reflect.NativeMethodAccessorImpl.invoke(NativeMethodAccessorImpl.java:62)
	at sun.reflect.DelegatingMethodAccessorImpl.invoke(DelegatingMethodAccessorImpl.java:43)
	at java.lang.reflect.Method.invoke(Method.java:498)
	at org.testng.internal.MethodInvocationHelper.invokeMethod(MethodInvocationHelper.java:80)
	at org.testng.internal.Invoker.invokeConfigurationMethod(Invoker.java:564)
	at org.testng.internal.Invoker.invokeConfigurations(Invoker.java:213)
	at org.testng.internal.Invoker.invokeConfigurations(Invoker.java:138)
	at org.testng.TestRunner.beforeRun(TestRunner.java:641)
	at org.testng.TestRunner.run(TestRunner.java:609)
	at org.testng.SuiteRunner.runTest(SuiteRunner.java:334)
	at org.testng.SuiteRunner.runSequentially(SuiteRunner.java:329)
	at org.testng.SuiteRunner.privateRun(SuiteRunner.java:291)
	at org.testng.SuiteRunner.run(SuiteRunner.java:240)
	at org.testng.SuiteRunnerWorker.runSuite(SuiteRunnerWorker.java:52)
	at org.testng.SuiteRunnerWorker.run(SuiteRunnerWorker.java:86)
	at org.testng.TestNG.runSuitesSequentially(TestNG.java:1198)
	at org.testng.TestNG.runSuitesLocally(TestNG.java:1123)
	at org.testng.TestNG.run(TestNG.java:1031)
	at org.testng.remote.AbstractRemoteTestNG.run(AbstractRemoteTestNG.java:114)
	at org.testng.remote.RemoteTestNG.initAndRun(RemoteTestNG.java:251)
	at org.testng.remote.RemoteTestNG.main(RemoteTestNG.java:77)
]]>
            </full-stacktrace>
          </exception> <!-- java.lang.NullPointerException -->
          <reporter-output>
          </reporter-output>
        </test-method> <!-- initialize -->
        <test-method status="SKIP" signature="LoginSmoke()[pri:0, instance:Academy.samsvojmajstor.NaslovnaTest@7ee8290b]" name="LoginSmoke" duration-ms="0" started-at="2020-03-13T16:01:49Z" finished-at="2020-03-13T16:01:49Z">
          <reporter-output>
          </reporter-output>
        </test-method> <!-- LoginSmoke -->
        <test-method status="SKIP" signature="closeBrowser()[pri:0, instance:Academy.samsvojmajstor.NaslovnaTest@7ee8290b]" name="closeBrowser" is-config="true" duration-ms="0" started-at="2020-03-13T16:01:49Z" finished-at="2020-03-13T16:01:49Z">
          <reporter-output>
          </reporter-output>
        </test-method> <!-- closeBrowser -->
      </class> <!-- Academy.samsvojmajstor.NaslovnaTest -->
    </test> <!-- Default test -->
  </suite> <!-- Default suite -->
</testng-results>
